# JRE version: OpenJDK Runtime Environment (8.0_202) (build 1.8.0_202-release-1483-b49-5587405)
# Java VM: OpenJDK 64-Bit Server VM (25.202-b49-5587405 mixed mode linux-amd64 compressed oops)
Heap:
 PSYoungGen      total 115200K, used 20804K [0x00000000e0000000, 0x00000000e9300000, 0x0000000100000000)
  eden space 107520K, 12% used [0x00000000e0000000,0x00000000e0d0ede8,0x00000000e6900000)
  from space 7680K, 96% used [0x00000000e8b80000,0x00000000e92c2440,0x00000000e9300000)
  to   space 11264K, 0% used [0x00000000e7d00000,0x00000000e7d00000,0x00000000e8800000)
 ParOldGen       total 61440K, used 10694K [0x00000000a0000000, 0x00000000a3c00000, 0x00000000e0000000)
  object space 61440K, 17% used [0x00000000a0000000,0x00000000a0a71b60,0x00000000a3c00000)
 Metaspace       used 28818K, capacity 29432K, committed 29568K, reserved 1075200K
  class space    used 4001K, capacity 4189K, committed 4224K, reserved 1048576K
GC Heap History (10 events):
Event: 3.467 GC heap before
{Heap before GC invocations=3 (full 0):
 PSYoungGen      total 37888K, used 37492K [0x00000000e0000000, 0x00000000e4a00000, 0x0000000100000000)
  eden space 32768K, 100% used [0x00000000e0000000,0x00000000e2000000,0x00000000e2000000)
  from space 5120K, 92% used [0x00000000e2500000,0x00000000e299d3c8,0x00000000e2a00000)
  to   space 5120K, 0% used [0x00000000e2000000,0x00000000e2000000,0x00000000e2500000)
 ParOldGen       total 86016K, used 16K [0x00000000a0000000, 0x00000000a5400000, 0x00000000e0000000)
  object space 86016K, 0% used [0x00000000a0000000,0x00000000a0004000,0x00000000a5400000)
 Metaspace       used 13331K, capacity 13720K, committed 13824K, reserved 1060864K
  class space    used 1846K, capacity 1996K, committed 2048K, reserved 1048576K
Event: 3.490 GC heap after
Heap after GC invocations=3 (full 0):
 PSYoungGen      total 37888K, used 5107K [0x00000000e0000000, 0x00000000e4a00000, 0x0000000100000000)
  eden space 32768K, 0% used [0x00000000e0000000,0x00000000e0000000,0x00000000e2000000)
  from space 5120K, 99% used [0x00000000e2000000,0x00000000e24fccc8,0x00000000e2500000)
  to   space 5120K, 0% used [0x00000000e4500000,0x00000000e4500000,0x00000000e4a00000)
 ParOldGen       total 86016K, used 1801K [0x00000000a0000000, 0x00000000a5400000, 0x00000000e0000000)
  object space 86016K, 2% used [0x00000000a0000000,0x00000000a01c2728,0x00000000a5400000)
 Metaspace       used 13331K, capacity 13720K, committed 13824K, reserved 1060864K
  class space    used 1846K, capacity 1996K, committed 2048K, reserved 1048576K
}
Event: 4.389 GC heap before
{Heap before GC invocations=4 (full 0):
 PSYoungGen      total 37888K, used 37875K [0x00000000e0000000, 0x00000000e4a00000, 0x0000000100000000)
  eden space 32768K, 100% used [0x00000000e0000000,0x00000000e2000000,0x00000000e2000000)
  from space 5120K, 99% used [0x00000000e2000000,0x00000000e24fccc8,0x00000000e2500000)
  to   space 5120K, 0% used [0x00000000e4500000,0x00000000e4500000,0x00000000e4a00000)
 ParOldGen       total 86016K, used 1801K [0x00000000a0000000, 0x00000000a5400000, 0x00000000e0000000)
  object space 86016K, 2% used [0x00000000a0000000,0x00000000a01c2728,0x00000000a5400000)
 Metaspace       used 16155K, capacity 16552K, committed 16896K, reserved 1062912K
  class space    used 2310K, capacity 2454K, committed 2560K, reserved 1048576K
Event: 4.423 GC heap after
Heap after GC invocations=4 (full 0):
 PSYoungGen      total 70656K, used 5088K [0x00000000e0000000, 0x00000000e4a00000, 0x0000000100000000)
  eden space 65536K, 0% used [0x00000000e0000000,0x00000000e0000000,0x00000000e4000000)
  from space 5120K, 99% used [0x00000000e4500000,0x00000000e49f8030,0x00000000e4a00000)
  to   space 5120K, 0% used [0x00000000e4000000,0x00000000e4000000,0x00000000e4500000)
 ParOldGen       total 86016K, used 4758K [0x00000000a0000000, 0x00000000a5400000, 0x00000000e0000000)
  object space 86016K, 5% used [0x00000000a0000000,0x00000000a04a58c0,0x00000000a5400000)
 Metaspace       used 16155K, capacity 16552K, committed 16896K, reserved 1062912K
  class space    used 2310K, capacity 2454K, committed 2560K, reserved 1048576K
}
Event: 6.315 GC heap before
{Heap before GC invocations=5 (full 0):
 PSYoungGen      total 70656K, used 50969K [0x00000000e0000000, 0x00000000e4a00000, 0x0000000100000000)
  eden space 65536K, 70% used [0x00000000e0000000,0x00000000e2cce498,0x00000000e4000000)
  from space 5120K, 99% used [0x00000000e4500000,0x00000000e49f8030,0x00000000e4a00000)
  to   space 5120K, 0% used [0x00000000e4000000,0x00000000e4000000,0x00000000e4500000)
 ParOldGen       total 86016K, used 4758K [0x00000000a0000000, 0x00000000a5400000, 0x00000000e0000000)
  object space 86016K, 5% used [0x00000000a0000000,0x00000000a04a58c0,0x00000000a5400000)
 Metaspace       used 20705K, capacity 21162K, committed 21296K, reserved 1067008K
  class space    used 2960K, capacity 3122K, committed 3200K, reserved 1048576K
Event: 6.394 GC heap after
Heap after GC invocations=5 (full 0):
 PSYoungGen      total 70656K, used 5092K [0x00000000e0000000, 0x00000000e9700000, 0x0000000100000000)
  eden space 65536K, 0% used [0x00000000e0000000,0x00000000e0000000,0x00000000e4000000)
  from space 5120K, 99% used [0x00000000e4000000,0x00000000e44f9060,0x00000000e4500000)
  to   space 11776K, 0% used [0x00000000e8b80000,0x00000000e8b80000,0x00000000e9700000)
 ParOldGen       total 86016K, used 10330K [0x00000000a0000000, 0x00000000a5400000, 0x00000000e0000000)
  object space 86016K, 12% used [0x00000000a0000000,0x00000000a0a16b00,0x00000000a5400000)
 Metaspace       used 20705K, capacity 21162K, committed 21296K, reserved 1067008K
  class space    used 2960K, capacity 3122K, committed 3200K, reserved 1048576K
}
Event: 6.394 GC heap before
{Heap before GC invocations=6 (full 1):
 PSYoungGen      total 70656K, used 5092K [0x00000000e0000000, 0x00000000e9700000, 0x0000000100000000)
  eden space 65536K, 0% used [0x00000000e0000000,0x00000000e0000000,0x00000000e4000000)
  from space 5120K, 99% used [0x00000000e4000000,0x00000000e44f9060,0x00000000e4500000)
  to   space 11776K, 0% used [0x00000000e8b80000,0x00000000e8b80000,0x00000000e9700000)
 ParOldGen       total 86016K, used 10330K [0x00000000a0000000, 0x00000000a5400000, 0x00000000e0000000)
  object space 86016K, 12% used [0x00000000a0000000,0x00000000a0a16b00,0x00000000a5400000)
 Metaspace       used 20705K, capacity 21162K, committed 21296K, reserved 1067008K
  class space    used 2960K, capacity 3122K, committed 3200K, reserved 1048576K
Event: 6.482 GC heap after
Heap after GC invocations=6 (full 1):
 PSYoungGen      total 70656K, used 0K [0x00000000e0000000, 0x00000000e9700000, 0x0000000100000000)
  eden space 65536K, 0% used [0x00000000e0000000,0x00000000e0000000,0x00000000e4000000)
  from space 5120K, 0% used [0x00000000e4000000,0x00000000e4000000,0x00000000e4500000)
  to   space 11776K, 0% used [0x00000000e8b80000,0x00000000e8b80000,0x00000000e9700000)
 ParOldGen       total 61440K, used 10686K [0x00000000a0000000, 0x00000000a3c00000, 0x00000000e0000000)
  object space 61440K, 17% used [0x00000000a0000000,0x00000000a0a6fb60,0x00000000a3c00000)
 Metaspace       used 20705K, capacity 21162K, committed 21296K, reserved 1067008K
  class space    used 2960K, capacity 3122K, committed 3200K, reserved 1048576K
}
Event: 8.003 GC heap before
{Heap before GC invocations=7 (full 1):
 PSYoungGen      total 70656K, used 65536K [0x00000000e0000000, 0x00000000e9700000, 0x0000000100000000)
  eden space 65536K, 100% used [0x00000000e0000000,0x00000000e4000000,0x00000000e4000000)
  from space 5120K, 0% used [0x00000000e4000000,0x00000000e4000000,0x00000000e4500000)
  to   space 11776K, 0% used [0x00000000e8b80000,0x00000000e8b80000,0x00000000e9700000)
 ParOldGen       total 61440K, used 10686K [0x00000000a0000000, 0x00000000a3c00000, 0x00000000e0000000)
  object space 61440K, 17% used [0x00000000a0000000,0x00000000a0a6fb60,0x00000000a3c00000)
 Metaspace       used 28058K, capacity 28562K, committed 28928K, reserved 1075200K
  class space    used 3878K, capacity 4028K, committed 4096K, reserved 1048576K
Event: 8.034 GC heap after
Heap after GC invocations=7 (full 1):
 PSYoungGen      total 115200K, used 7433K [0x00000000e0000000, 0x00000000e9300000, 0x0000000100000000)
  eden space 107520K, 0% used [0x00000000e0000000,0x00000000e0000000,0x00000000e6900000)
  from space 7680K, 96% used [0x00000000e8b80000,0x00000000e92c2440,0x00000000e9300000)
  to   space 11264K, 0% used [0x00000000e7d00000,0x00000000e7d00000,0x00000000e8800000)
 ParOldGen       total 61440K, used 10694K [0x00000000a0000000, 0x00000000a3c00000, 0x00000000e0000000)
  object space 61440K, 17% used [0x00000000a0000000,0x00000000a0a71b60,0x00000000a3c00000)
 Metaspace       used 28058K, capacity 28562K, committed 28928K, reserved 1075200K
  class space    used 3878K, capacity 4028K, committed 4096K, reserved 1048576K
}

