# JRE version: OpenJDK Runtime Environment (8.0_202) (build 1.8.0_202-release-1483-b49-5587405)
# Java VM: OpenJDK 64-Bit Server VM (25.202-b49-5587405 mixed mode linux-amd64 compressed oops)
Heap:
 PSYoungGen      total 371712K, used 49546K [0x00000000e0000000, 0x0000000100000000, 0x0000000100000000)
  eden space 307200K, 0% used [0x00000000e0000000,0x00000000e0000000,0x00000000f2c00000)
  from space 64512K, 76% used [0x00000000f2c00000,0x00000000f5c62870,0x00000000f6b00000)
  to   space 69632K, 0% used [0x00000000fbc00000,0x00000000fbc00000,0x0000000100000000)
 ParOldGen       total 144384K, used 98353K [0x00000000a0000000, 0x00000000a8d00000, 0x00000000e0000000)
  object space 144384K, 68% used [0x00000000a0000000,0x00000000a600c7b0,0x00000000a8d00000)
 Metaspace       used 95506K, capacity 98298K, committed 98380K, reserved 1134592K
  class space    used 12008K, capacity 12639K, committed 12672K, reserved 1048576K
GC Heap History (10 events):
Event: 798.749 GC heap after
Heap after GC invocations=12 (full 3):
 PSYoungGen      total 313344K, used 20669K [0x00000000e0000000, 0x00000000f8480000, 0x0000000100000000)
  eden space 287744K, 0% used [0x00000000e0000000,0x00000000e0000000,0x00000000f1900000)
  from space 25600K, 80% used [0x00000000f1900000,0x00000000f2d2f500,0x00000000f3200000)
  to   space 27648K, 0% used [0x00000000f6980000,0x00000000f6980000,0x00000000f8480000)
 ParOldGen       total 144384K, used 36509K [0x00000000a0000000, 0x00000000a8d00000, 0x00000000e0000000)
  object space 144384K, 25% used [0x00000000a0000000,0x00000000a23a7760,0x00000000a8d00000)
 Metaspace       used 66510K, capacity 68640K, committed 68824K, reserved 1110016K
  class space    used 8681K, capacity 9172K, committed 9216K, reserved 1048576K
}
Event: 812.929 GC heap before
{Heap before GC invocations=13 (full 3):
 PSYoungGen      total 313344K, used 308413K [0x00000000e0000000, 0x00000000f8480000, 0x0000000100000000)
  eden space 287744K, 100% used [0x00000000e0000000,0x00000000f1900000,0x00000000f1900000)
  from space 25600K, 80% used [0x00000000f1900000,0x00000000f2d2f500,0x00000000f3200000)
  to   space 27648K, 0% used [0x00000000f6980000,0x00000000f6980000,0x00000000f8480000)
 ParOldGen       total 144384K, used 36509K [0x00000000a0000000, 0x00000000a8d00000, 0x00000000e0000000)
  object space 144384K, 25% used [0x00000000a0000000,0x00000000a23a7760,0x00000000a8d00000)
 Metaspace       used 73093K, capacity 75226K, committed 75480K, reserved 1114112K
  class space    used 9401K, capacity 9897K, committed 9984K, reserved 1048576K
Event: 813.013 GC heap after
Heap after GC invocations=13 (full 3):
 PSYoungGen      total 363008K, used 27632K [0x00000000e0000000, 0x00000000f8f80000, 0x0000000100000000)
  eden space 335360K, 0% used [0x00000000e0000000,0x00000000e0000000,0x00000000f4780000)
  from space 27648K, 99% used [0x00000000f6980000,0x00000000f847c118,0x00000000f8480000)
  to   space 34816K, 0% used [0x00000000f4780000,0x00000000f4780000,0x00000000f6980000)
 ParOldGen       total 144384K, used 45634K [0x00000000a0000000, 0x00000000a8d00000, 0x00000000e0000000)
  object space 144384K, 31% used [0x00000000a0000000,0x00000000a2c90a08,0x00000000a8d00000)
 Metaspace       used 73093K, capacity 75226K, committed 75480K, reserved 1114112K
  class space    used 9401K, capacity 9897K, committed 9984K, reserved 1048576K
}
Event: 920.862 GC heap before
{Heap before GC invocations=14 (full 3):
 PSYoungGen      total 363008K, used 362992K [0x00000000e0000000, 0x00000000f8f80000, 0x0000000100000000)
  eden space 335360K, 100% used [0x00000000e0000000,0x00000000f4780000,0x00000000f4780000)
  from space 27648K, 99% used [0x00000000f6980000,0x00000000f847c118,0x00000000f8480000)
  to   space 34816K, 0% used [0x00000000f4780000,0x00000000f4780000,0x00000000f6980000)
 ParOldGen       total 144384K, used 45634K [0x00000000a0000000, 0x00000000a8d00000, 0x00000000e0000000)
  object space 144384K, 31% used [0x00000000a0000000,0x00000000a2c90a08,0x00000000a8d00000)
 Metaspace       used 84508K, capacity 87120K, committed 87256K, reserved 1124352K
  class space    used 10850K, capacity 11412K, committed 11520K, reserved 1048576K
Event: 921.041 GC heap after
Heap after GC invocations=14 (full 3):
 PSYoungGen      total 357376K, used 34785K [0x00000000e0000000, 0x00000000f9b00000, 0x0000000100000000)
  eden space 322560K, 0% used [0x00000000e0000000,0x00000000e0000000,0x00000000f3b00000)
  from space 34816K, 99% used [0x00000000f4780000,0x00000000f69785f0,0x00000000f6980000)
  to   space 49152K, 0% used [0x00000000f6b00000,0x00000000f6b00000,0x00000000f9b00000)
 ParOldGen       total 144384K, used 70320K [0x00000000a0000000, 0x00000000a8d00000, 0x00000000e0000000)
  object space 144384K, 48% used [0x00000000a0000000,0x00000000a44ac1e8,0x00000000a8d00000)
 Metaspace       used 84508K, capacity 87120K, committed 87256K, reserved 1124352K
  class space    used 10850K, capacity 11412K, committed 11520K, reserved 1048576K
}
Event: 925.033 GC heap before
{Heap before GC invocations=15 (full 3):
 PSYoungGen      total 357376K, used 357345K [0x00000000e0000000, 0x00000000f9b00000, 0x0000000100000000)
  eden space 322560K, 100% used [0x00000000e0000000,0x00000000f3b00000,0x00000000f3b00000)
  from space 34816K, 99% used [0x00000000f4780000,0x00000000f69785f0,0x00000000f6980000)
  to   space 49152K, 0% used [0x00000000f6b00000,0x00000000f6b00000,0x00000000f9b00000)
 ParOldGen       total 144384K, used 70320K [0x00000000a0000000, 0x00000000a8d00000, 0x00000000e0000000)
  object space 144384K, 48% used [0x00000000a0000000,0x00000000a44ac1e8,0x00000000a8d00000)
 Metaspace       used 93173K, capacity 95870K, committed 96344K, reserved 1132544K
  class space    used 11773K, capacity 12335K, committed 12416K, reserved 1048576K
Event: 925.181 GC heap after
Heap after GC invocations=15 (full 3):
 PSYoungGen      total 356352K, used 49147K [0x00000000e0000000, 0x0000000100000000, 0x0000000100000000)
  eden space 307200K, 0% used [0x00000000e0000000,0x00000000e0000000,0x00000000f2c00000)
  from space 49152K, 99% used [0x00000000f6b00000,0x00000000f9afedb0,0x00000000f9b00000)
  to   space 64512K, 0% used [0x00000000f2c00000,0x00000000f2c00000,0x00000000f6b00000)
 ParOldGen       total 144384K, used 90695K [0x00000000a0000000, 0x00000000a8d00000, 0x00000000e0000000)
  object space 144384K, 62% used [0x00000000a0000000,0x00000000a5891f70,0x00000000a8d00000)
 Metaspace       used 93173K, capacity 95870K, committed 96344K, reserved 1132544K
  class space    used 11773K, capacity 12335K, committed 12416K, reserved 1048576K
}
Event: 930.619 GC heap before
{Heap before GC invocations=16 (full 3):
 PSYoungGen      total 356352K, used 194967K [0x00000000e0000000, 0x0000000100000000, 0x0000000100000000)
  eden space 307200K, 47% used [0x00000000e0000000,0x00000000e8e67108,0x00000000f2c00000)
  from space 49152K, 99% used [0x00000000f6b00000,0x00000000f9afedb0,0x00000000f9b00000)
  to   space 64512K, 0% used [0x00000000f2c00000,0x00000000f2c00000,0x00000000f6b00000)
 ParOldGen       total 144384K, used 90695K [0x00000000a0000000, 0x00000000a8d00000, 0x00000000e0000000)
  object space 144384K, 62% used [0x00000000a0000000,0x00000000a5891f70,0x00000000a8d00000)
 Metaspace       used 95506K, capacity 98298K, committed 98380K, reserved 1134592K
  class space    used 12008K, capacity 12639K, committed 12672K, reserved 1048576K
Event: 930.754 GC heap after
Heap after GC invocations=16 (full 3):
 PSYoungGen      total 371712K, used 49546K [0x00000000e0000000, 0x0000000100000000, 0x0000000100000000)
  eden space 307200K, 0% used [0x00000000e0000000,0x00000000e0000000,0x00000000f2c00000)
  from space 64512K, 76% used [0x00000000f2c00000,0x00000000f5c62870,0x00000000f6b00000)
  to   space 69632K, 0% used [0x00000000fbc00000,0x00000000fbc00000,0x0000000100000000)
 ParOldGen       total 144384K, used 98353K [0x00000000a0000000, 0x00000000a8d00000, 0x00000000e0000000)
  object space 144384K, 68% used [0x00000000a0000000,0x00000000a600c7b0,0x00000000a8d00000)
 Metaspace       used 95506K, capacity 98298K, committed 98380K, reserved 1134592K
  class space    used 12008K, capacity 12639K, committed 12672K, reserved 1048576K
}
Event: 930.754 GC heap before
{Heap before GC invocations=17 (full 4):
 PSYoungGen      total 371712K, used 49546K [0x00000000e0000000, 0x0000000100000000, 0x0000000100000000)
  eden space 307200K, 0% used [0x00000000e0000000,0x00000000e0000000,0x00000000f2c00000)
  from space 64512K, 76% used [0x00000000f2c00000,0x00000000f5c62870,0x00000000f6b00000)
  to   space 69632K, 0% used [0x00000000fbc00000,0x00000000fbc00000,0x0000000100000000)
 ParOldGen       total 144384K, used 98353K [0x00000000a0000000, 0x00000000a8d00000, 0x00000000e0000000)
  object space 144384K, 68% used [0x00000000a0000000,0x00000000a600c7b0,0x00000000a8d00000)
 Metaspace       used 95506K, capacity 98298K, committed 98380K, reserved 1134592K
  class space    used 12008K, capacity 12639K, committed 12672K, reserved 1048576K

