# JRE version: OpenJDK Runtime Environment (8.0_202) (build 1.8.0_202-release-1483-b49-5587405)
# Java VM: OpenJDK 64-Bit Server VM (25.202-b49-5587405 mixed mode linux-amd64 compressed oops)
Heap:
 PSYoungGen      total 209920K, used 17899K [0x00000000e0000000, 0x00000000ef080000, 0x0000000100000000)
  eden space 192000K, 0% used [0x00000000e0000000,0x00000000e0000000,0x00000000ebb80000)
  from space 17920K, 99% used [0x00000000ed180000,0x00000000ee2fae80,0x00000000ee300000)
  to   space 22528K, 0% used [0x00000000ebb80000,0x00000000ebb80000,0x00000000ed180000)
 ParOldGen       total 95744K, used 28575K [0x00000000a0000000, 0x00000000a5d80000, 0x00000000e0000000)
  object space 95744K, 29% used [0x00000000a0000000,0x00000000a1be7e08,0x00000000a5d80000)
 Metaspace       used 57428K, capacity 58956K, committed 59028K, reserved 1099776K
  class space    used 7744K, capacity 8112K, committed 8124K, reserved 1048576K
GC Heap History (10 events):
Event: 34.948 GC heap after
Heap after GC invocations=8 (full 1):
 PSYoungGen      total 139264K, used 11255K [0x00000000e0000000, 0x00000000eb380000, 0x0000000100000000)
  eden space 128000K, 0% used [0x00000000e0000000,0x00000000e0000000,0x00000000e7d00000)
  from space 11264K, 99% used [0x00000000e7d00000,0x00000000e87fdf10,0x00000000e8800000)
  to   space 13312K, 0% used [0x00000000ea680000,0x00000000ea680000,0x00000000eb380000)
 ParOldGen       total 63488K, used 11150K [0x00000000a0000000, 0x00000000a3e00000, 0x00000000e0000000)
  object space 63488K, 17% used [0x00000000a0000000,0x00000000a0ae38f8,0x00000000a3e00000)
 Metaspace       used 33499K, capacity 34104K, committed 34560K, reserved 1079296K
  class space    used 4607K, capacity 4783K, committed 4864K, reserved 1048576K
}
Event: 38.595 GC heap before
{Heap before GC invocations=9 (full 1):
 PSYoungGen      total 139264K, used 34725K [0x00000000e0000000, 0x00000000eb380000, 0x0000000100000000)
  eden space 128000K, 18% used [0x00000000e0000000,0x00000000e16eb6b8,0x00000000e7d00000)
  from space 11264K, 99% used [0x00000000e7d00000,0x00000000e87fdf10,0x00000000e8800000)
  to   space 13312K, 0% used [0x00000000ea680000,0x00000000ea680000,0x00000000eb380000)
 ParOldGen       total 63488K, used 11150K [0x00000000a0000000, 0x00000000a3e00000, 0x00000000e0000000)
  object space 63488K, 17% used [0x00000000a0000000,0x00000000a0ae38f8,0x00000000a3e00000)
 Metaspace       used 34601K, capacity 35224K, committed 35416K, reserved 1079296K
  class space    used 4738K, capacity 4901K, committed 4992K, reserved 1048576K
Event: 38.640 GC heap after
Heap after GC invocations=9 (full 1):
 PSYoungGen      total 169472K, used 10875K [0x00000000e0000000, 0x00000000edd00000, 0x0000000100000000)
  eden space 156160K, 0% used [0x00000000e0000000,0x00000000e0000000,0x00000000e9880000)
  from space 13312K, 81% used [0x00000000ea680000,0x00000000eb11ec00,0x00000000eb380000)
  to   space 14336K, 0% used [0x00000000e9880000,0x00000000e9880000,0x00000000ea680000)
 ParOldGen       total 63488K, used 11158K [0x00000000a0000000, 0x00000000a3e00000, 0x00000000e0000000)
  object space 63488K, 17% used [0x00000000a0000000,0x00000000a0ae58f8,0x00000000a3e00000)
 Metaspace       used 34601K, capacity 35224K, committed 35416K, reserved 1079296K
  class space    used 4738K, capacity 4901K, committed 4992K, reserved 1048576K
}
Event: 38.640 GC heap before
{Heap before GC invocations=10 (full 2):
 PSYoungGen      total 169472K, used 10875K [0x00000000e0000000, 0x00000000edd00000, 0x0000000100000000)
  eden space 156160K, 0% used [0x00000000e0000000,0x00000000e0000000,0x00000000e9880000)
  from space 13312K, 81% used [0x00000000ea680000,0x00000000eb11ec00,0x00000000eb380000)
  to   space 14336K, 0% used [0x00000000e9880000,0x00000000e9880000,0x00000000ea680000)
 ParOldGen       total 63488K, used 11158K [0x00000000a0000000, 0x00000000a3e00000, 0x00000000e0000000)
  object space 63488K, 17% used [0x00000000a0000000,0x00000000a0ae58f8,0x00000000a3e00000)
 Metaspace       used 34601K, capacity 35224K, committed 35416K, reserved 1079296K
  class space    used 4738K, capacity 4901K, committed 4992K, reserved 1048576K
Event: 38.975 GC heap after
Heap after GC invocations=10 (full 2):
 PSYoungGen      total 169472K, used 0K [0x00000000e0000000, 0x00000000edd00000, 0x0000000100000000)
  eden space 156160K, 0% used [0x00000000e0000000,0x00000000e0000000,0x00000000e9880000)
  from space 13312K, 0% used [0x00000000ea680000,0x00000000ea680000,0x00000000eb380000)
  to   space 14336K, 0% used [0x00000000e9880000,0x00000000e9880000,0x00000000ea680000)
 ParOldGen       total 95744K, used 17553K [0x00000000a0000000, 0x00000000a5d80000, 0x00000000e0000000)
  object space 95744K, 18% used [0x00000000a0000000,0x00000000a11244a0,0x00000000a5d80000)
 Metaspace       used 34599K, capacity 35218K, committed 35416K, reserved 1079296K
  class space    used 4738K, capacity 4900K, committed 4992K, reserved 1048576K
}
Event: 48.306 GC heap before
{Heap before GC invocations=11 (full 2):
 PSYoungGen      total 169472K, used 156160K [0x00000000e0000000, 0x00000000edd00000, 0x0000000100000000)
  eden space 156160K, 100% used [0x00000000e0000000,0x00000000e9880000,0x00000000e9880000)
  from space 13312K, 0% used [0x00000000ea680000,0x00000000ea680000,0x00000000eb380000)
  to   space 14336K, 0% used [0x00000000e9880000,0x00000000e9880000,0x00000000ea680000)
 ParOldGen       total 95744K, used 17553K [0x00000000a0000000, 0x00000000a5d80000, 0x00000000e0000000)
  object space 95744K, 18% used [0x00000000a0000000,0x00000000a11244a0,0x00000000a5d80000)
 Metaspace       used 48250K, capacity 49474K, committed 49624K, reserved 1091584K
  class space    used 6491K, capacity 6814K, committed 6912K, reserved 1048576K
Event: 48.369 GC heap after
Heap after GC invocations=11 (full 2):
 PSYoungGen      total 170496K, used 14322K [0x00000000e0000000, 0x00000000ee300000, 0x0000000100000000)
  eden space 156160K, 0% used [0x00000000e0000000,0x00000000e0000000,0x00000000e9880000)
  from space 14336K, 99% used [0x00000000e9880000,0x00000000ea67ca18,0x00000000ea680000)
  to   space 17920K, 0% used [0x00000000ed180000,0x00000000ed180000,0x00000000ee300000)
 ParOldGen       total 95744K, used 22276K [0x00000000a0000000, 0x00000000a5d80000, 0x00000000e0000000)
  object space 95744K, 23% used [0x00000000a0000000,0x00000000a15c1030,0x00000000a5d80000)
 Metaspace       used 48250K, capacity 49474K, committed 49624K, reserved 1091584K
  class space    used 6491K, capacity 6814K, committed 6912K, reserved 1048576K
}
Event: 55.587 GC heap before
{Heap before GC invocations=12 (full 2):
 PSYoungGen      total 170496K, used 152523K [0x00000000e0000000, 0x00000000ee300000, 0x0000000100000000)
  eden space 156160K, 88% used [0x00000000e0000000,0x00000000e86f6200,0x00000000e9880000)
  from space 14336K, 99% used [0x00000000e9880000,0x00000000ea67ca18,0x00000000ea680000)
  to   space 17920K, 0% used [0x00000000ed180000,0x00000000ed180000,0x00000000ee300000)
 ParOldGen       total 95744K, used 22276K [0x00000000a0000000, 0x00000000a5d80000, 0x00000000e0000000)
  object space 95744K, 23% used [0x00000000a0000000,0x00000000a15c1030,0x00000000a5d80000)
 Metaspace       used 57428K, capacity 58956K, committed 59028K, reserved 1099776K
  class space    used 7744K, capacity 8112K, committed 8124K, reserved 1048576K
Event: 55.733 GC heap after
Heap after GC invocations=12 (full 2):
 PSYoungGen      total 209920K, used 17899K [0x00000000e0000000, 0x00000000ef080000, 0x0000000100000000)
  eden space 192000K, 0% used [0x00000000e0000000,0x00000000e0000000,0x00000000ebb80000)
  from space 17920K, 99% used [0x00000000ed180000,0x00000000ee2fae80,0x00000000ee300000)
  to   space 22528K, 0% used [0x00000000ebb80000,0x00000000ebb80000,0x00000000ed180000)
 ParOldGen       total 95744K, used 28575K [0x00000000a0000000, 0x00000000a5d80000, 0x00000000e0000000)
  object space 95744K, 29% used [0x00000000a0000000,0x00000000a1be7e08,0x00000000a5d80000)
 Metaspace       used 57428K, capacity 58956K, committed 59028K, reserved 1099776K
  class space    used 7744K, capacity 8112K, committed 8124K, reserved 1048576K
}
Event: 55.737 GC heap before
{Heap before GC invocations=13 (full 3):
 PSYoungGen      total 209920K, used 17899K [0x00000000e0000000, 0x00000000ef080000, 0x0000000100000000)
  eden space 192000K, 0% used [0x00000000e0000000,0x00000000e0000000,0x00000000ebb80000)
  from space 17920K, 99% used [0x00000000ed180000,0x00000000ee2fae80,0x00000000ee300000)
  to   space 22528K, 0% used [0x00000000ebb80000,0x00000000ebb80000,0x00000000ed180000)
 ParOldGen       total 95744K, used 28575K [0x00000000a0000000, 0x00000000a5d80000, 0x00000000e0000000)
  object space 95744K, 29% used [0x00000000a0000000,0x00000000a1be7e08,0x00000000a5d80000)
 Metaspace       used 57428K, capacity 58956K, committed 59028K, reserved 1099776K
  class space    used 7744K, capacity 8112K, committed 8124K, reserved 1048576K

