# JRE version: OpenJDK Runtime Environment (8.0_202) (build 1.8.0_202-release-1483-b49-5587405)
# Java VM: OpenJDK 64-Bit Server VM (25.202-b49-5587405 mixed mode linux-amd64 compressed oops)
Heap:
 PSYoungGen      total 90112K, used 89584K [0x00000000e0000000, 0x00000000e6300000, 0x0000000100000000)
  eden space 81920K, 100% used [0x00000000e0000000,0x00000000e5000000,0x00000000e5000000)
  from space 8192K, 93% used [0x00000000e5b00000,0x00000000e627c328,0x00000000e6300000)
  to   space 9728K, 38% used [0x00000000e5000000,0x00000000e53a12d0,0x00000000e5980000)
 ParOldGen       total 65024K, used 19954K [0x00000000a0000000, 0x00000000a3f80000, 0x00000000e0000000)
  object space 65024K, 30% used [0x00000000a0000000,0x00000000a137cb68,0x00000000a3f80000)
 Metaspace       used 47933K, capacity 49182K, committed 49368K, reserved 1091584K
  class space    used 6303K, capacity 6610K, committed 6656K, reserved 1048576K
GC Heap History (10 events):
Event: 42.274 GC heap after
Heap after GC invocations=10 (full 1):
 PSYoungGen      total 46592K, used 6421K [0x00000000e0000000, 0x00000000e4900000, 0x0000000100000000)
  eden space 36864K, 0% used [0x00000000e0000000,0x00000000e0000000,0x00000000e2400000)
  from space 9728K, 66% used [0x00000000e2400000,0x00000000e2a45790,0x00000000e2d80000)
  to   space 9728K, 0% used [0x00000000e3f80000,0x00000000e3f80000,0x00000000e4900000)
 ParOldGen       total 47616K, used 10209K [0x00000000a0000000, 0x00000000a2e80000, 0x00000000e0000000)
  object space 47616K, 21% used [0x00000000a0000000,0x00000000a09f8628,0x00000000a2e80000)
 Metaspace       used 29984K, capacity 30454K, committed 30720K, reserved 1075200K
  class space    used 4095K, capacity 4242K, committed 4352K, reserved 1048576K
}
Event: 43.317 GC heap before
{Heap before GC invocations=11 (full 1):
 PSYoungGen      total 46592K, used 43285K [0x00000000e0000000, 0x00000000e4900000, 0x0000000100000000)
  eden space 36864K, 100% used [0x00000000e0000000,0x00000000e2400000,0x00000000e2400000)
  from space 9728K, 66% used [0x00000000e2400000,0x00000000e2a45790,0x00000000e2d80000)
  to   space 9728K, 0% used [0x00000000e3f80000,0x00000000e3f80000,0x00000000e4900000)
 ParOldGen       total 47616K, used 10209K [0x00000000a0000000, 0x00000000a2e80000, 0x00000000e0000000)
  object space 47616K, 21% used [0x00000000a0000000,0x00000000a09f8628,0x00000000a2e80000)
 Metaspace       used 31942K, capacity 32406K, committed 32768K, reserved 1077248K
  class space    used 4406K, capacity 4530K, committed 4608K, reserved 1048576K
Event: 43.362 GC heap after
Heap after GC invocations=11 (full 1):
 PSYoungGen      total 65536K, used 4776K [0x00000000e0000000, 0x00000000e4900000, 0x0000000100000000)
  eden space 55808K, 0% used [0x00000000e0000000,0x00000000e0000000,0x00000000e3680000)
  from space 9728K, 49% used [0x00000000e3f80000,0x00000000e442a3a0,0x00000000e4900000)
  to   space 9216K, 0% used [0x00000000e3680000,0x00000000e3680000,0x00000000e3f80000)
 ParOldGen       total 47616K, used 13369K [0x00000000a0000000, 0x00000000a2e80000, 0x00000000e0000000)
  object space 47616K, 28% used [0x00000000a0000000,0x00000000a0d0e638,0x00000000a2e80000)
 Metaspace       used 31942K, capacity 32406K, committed 32768K, reserved 1077248K
  class space    used 4406K, capacity 4530K, committed 4608K, reserved 1048576K
}
Event: 54.066 GC heap before
{Heap before GC invocations=12 (full 1):
 PSYoungGen      total 65536K, used 54906K [0x00000000e0000000, 0x00000000e4900000, 0x0000000100000000)
  eden space 55808K, 89% used [0x00000000e0000000,0x00000000e30f4730,0x00000000e3680000)
  from space 9728K, 49% used [0x00000000e3f80000,0x00000000e442a3a0,0x00000000e4900000)
  to   space 9216K, 0% used [0x00000000e3680000,0x00000000e3680000,0x00000000e3f80000)
 ParOldGen       total 47616K, used 13369K [0x00000000a0000000, 0x00000000a2e80000, 0x00000000e0000000)
  object space 47616K, 28% used [0x00000000a0000000,0x00000000a0d0e638,0x00000000a2e80000)
 Metaspace       used 34630K, capacity 35214K, committed 35416K, reserved 1079296K
  class space    used 4741K, capacity 4900K, committed 4992K, reserved 1048576K
Event: 54.088 GC heap after
Heap after GC invocations=12 (full 1):
 PSYoungGen      total 65024K, used 6414K [0x00000000e0000000, 0x00000000e6400000, 0x0000000100000000)
  eden space 55808K, 0% used [0x00000000e0000000,0x00000000e0000000,0x00000000e3680000)
  from space 9216K, 69% used [0x00000000e3680000,0x00000000e3cc39e0,0x00000000e3f80000)
  to   space 9216K, 0% used [0x00000000e5b00000,0x00000000e5b00000,0x00000000e6400000)
 ParOldGen       total 47616K, used 15954K [0x00000000a0000000, 0x00000000a2e80000, 0x00000000e0000000)
  object space 47616K, 33% used [0x00000000a0000000,0x00000000a0f94960,0x00000000a2e80000)
 Metaspace       used 34630K, capacity 35214K, committed 35416K, reserved 1079296K
  class space    used 4741K, capacity 4900K, committed 4992K, reserved 1048576K
}
Event: 54.088 GC heap before
{Heap before GC invocations=13 (full 2):
 PSYoungGen      total 65024K, used 6414K [0x00000000e0000000, 0x00000000e6400000, 0x0000000100000000)
  eden space 55808K, 0% used [0x00000000e0000000,0x00000000e0000000,0x00000000e3680000)
  from space 9216K, 69% used [0x00000000e3680000,0x00000000e3cc39e0,0x00000000e3f80000)
  to   space 9216K, 0% used [0x00000000e5b00000,0x00000000e5b00000,0x00000000e6400000)
 ParOldGen       total 47616K, used 15954K [0x00000000a0000000, 0x00000000a2e80000, 0x00000000e0000000)
  object space 47616K, 33% used [0x00000000a0000000,0x00000000a0f94960,0x00000000a2e80000)
 Metaspace       used 34630K, capacity 35214K, committed 35416K, reserved 1079296K
  class space    used 4741K, capacity 4900K, committed 4992K, reserved 1048576K
Event: 54.255 GC heap after
Heap after GC invocations=13 (full 2):
 PSYoungGen      total 65024K, used 0K [0x00000000e0000000, 0x00000000e6400000, 0x0000000100000000)
  eden space 55808K, 0% used [0x00000000e0000000,0x00000000e0000000,0x00000000e3680000)
  from space 9216K, 0% used [0x00000000e3680000,0x00000000e3680000,0x00000000e3f80000)
  to   space 9216K, 0% used [0x00000000e5b00000,0x00000000e5b00000,0x00000000e6400000)
 ParOldGen       total 65024K, used 18699K [0x00000000a0000000, 0x00000000a3f80000, 0x00000000e0000000)
  object space 65024K, 28% used [0x00000000a0000000,0x00000000a1242c68,0x00000000a3f80000)
 Metaspace       used 34630K, capacity 35214K, committed 35416K, reserved 1079296K
  class space    used 4741K, capacity 4900K, committed 4992K, reserved 1048576K
}
Event: 57.732 GC heap before
{Heap before GC invocations=14 (full 2):
 PSYoungGen      total 65024K, used 55691K [0x00000000e0000000, 0x00000000e6400000, 0x0000000100000000)
  eden space 55808K, 99% used [0x00000000e0000000,0x00000000e3662f68,0x00000000e3680000)
  from space 9216K, 0% used [0x00000000e3680000,0x00000000e3680000,0x00000000e3f80000)
  to   space 9216K, 0% used [0x00000000e5b00000,0x00000000e5b00000,0x00000000e6400000)
 ParOldGen       total 65024K, used 18699K [0x00000000a0000000, 0x00000000a3f80000, 0x00000000e0000000)
  object space 65024K, 28% used [0x00000000a0000000,0x00000000a1242c68,0x00000000a3f80000)
 Metaspace       used 42272K, capacity 43170K, committed 43352K, reserved 1087488K
  class space    used 5728K, capacity 5981K, committed 6016K, reserved 1048576K
Event: 57.817 GC heap after
Heap after GC invocations=14 (full 2):
 PSYoungGen      total 90112K, used 7664K [0x00000000e0000000, 0x00000000e6300000, 0x0000000100000000)
  eden space 81920K, 0% used [0x00000000e0000000,0x00000000e0000000,0x00000000e5000000)
  from space 8192K, 93% used [0x00000000e5b00000,0x00000000e627c328,0x00000000e6300000)
  to   space 9728K, 0% used [0x00000000e5000000,0x00000000e5000000,0x00000000e5980000)
 ParOldGen       total 65024K, used 18707K [0x00000000a0000000, 0x00000000a3f80000, 0x00000000e0000000)
  object space 65024K, 28% used [0x00000000a0000000,0x00000000a1244c68,0x00000000a3f80000)
 Metaspace       used 42272K, capacity 43170K, committed 43352K, reserved 1087488K
  class space    used 5728K, capacity 5981K, committed 6016K, reserved 1048576K
}
Event: 85.723 GC heap before
{Heap before GC invocations=15 (full 2):
 PSYoungGen      total 90112K, used 89584K [0x00000000e0000000, 0x00000000e6300000, 0x0000000100000000)
  eden space 81920K, 100% used [0x00000000e0000000,0x00000000e5000000,0x00000000e5000000)
  from space 8192K, 93% used [0x00000000e5b00000,0x00000000e627c328,0x00000000e6300000)
  to   space 9728K, 0% used [0x00000000e5000000,0x00000000e5000000,0x00000000e5980000)
 ParOldGen       total 65024K, used 18707K [0x00000000a0000000, 0x00000000a3f80000, 0x00000000e0000000)
  object space 65024K, 28% used [0x00000000a0000000,0x00000000a1244c68,0x00000000a3f80000)
 Metaspace       used 47933K, capacity 49182K, committed 49368K, reserved 1091584K
  class space    used 6303K, capacity 6610K, committed 6656K, reserved 1048576K

